\BOOKMARK [1][-]{section.1}{\376\377\000\040\000G\000i\036\333\000i\000\040\000t\000h\000i\036\307\000u}{}% 1
\BOOKMARK [2][-]{subsection.1.1}{\376\377\000T\036\325\000n\000g\000\040\000q\000u\000a\000n\000\040\000v\036\301\000\040\000S\000p\000o\000t\000i\000f\000y\000\040}{section.1}% 2
\BOOKMARK [2][-]{subsection.1.2}{\376\377\000V\036\245\000n\000\040\001\021\036\301\000\040\000t\000h\036\361\000c\000\040\000t\036\277\000\040\040\023\000\040\000N\000h\000u\000\040\000c\036\247\000u\000\040\000p\000h\000\342\000n\000\040\000t\000\355\000c\000h\000\040\000d\036\357\000\040\000l\000i\036\307\000u\000\040\000S\000p\000o\000t\000i\000f\000y\000\040\000\050\000x\000u\000\040\000h\001\260\036\333\000n\000g\000\040\000\342\000m\000\040\000n\000h\036\241\000c\000,\000\040\000g\036\343\000i\000\040\000\375\000\040\000n\000h\036\241\000c\000,\000\040\000p\000h\000\342\000n\000\040\000t\000\355\000c\000h\000\040\000n\000g\000h\036\307\000\040\000s\001\051\000\051}{section.1}% 3
\BOOKMARK [3][-]{subsubsection.1.2.1}{\376\377\000N\000h\000\340\000\040\000n\000g\000h\000i\000\352\000n\000\040\000c\036\351\000u\000\040\000\342\000m\000\040\000n\000h\036\241\000c\000\040\000v\000\340\000\040\000d\036\357\000\040\000l\000i\036\307\000u}{subsection.1.2}% 4
\BOOKMARK [3][-]{subsubsection.1.2.2}{\376\377\000N\000g\001\260\036\335\000i\000\040\000d\000\371\000n\000g\000\040\000v\000\340\000\040\000c\036\331\000n\000g\000\040\001\021\036\323\000n\000g\000\040\000n\000g\000h\000e\000\040\000n\000h\036\241\000c\000:}{subsection.1.2}% 5
\BOOKMARK [3][-]{subsubsection.1.2.3}{\376\377\000N\000g\000h\036\307\000\040\000s\001\051\000\040\000v\000\340\000\040\000h\000\343\000n\000g\000\040\000t\000h\000u\000\040\000\342\000m}{subsection.1.2}% 6
\BOOKMARK [3][-]{subsubsection.1.2.4}{\376\377\000D\000o\000a\000n\000h\000\040\000n\000g\000h\000i\036\307\000p\000\040\000v\000\340\000\040\000t\036\325\000\040\000c\000h\036\351\000c\000\040\000q\000u\036\243\000n\000g\000\040\000c\000\341\000o}{subsection.1.2}% 7
\BOOKMARK [3][-]{subsubsection.1.2.5}{\376\377\000K\036\371\000\040\000s\001\260\000\040\000d\036\357\000\040\000l\000i\036\307\000u\000\040\000v\000\340\000\040\000n\000h\000\340\000\040\000p\000h\000\341\000t\000\040\000t\000r\000i\036\303\000n\000\040\000h\036\307\000\040\000t\000h\036\321\000n\000g}{subsection.1.2}% 8
\BOOKMARK [1][-]{section.2}{\376\377\000M\036\345\000c\000\040\000t\000i\000\352\000u\000\040\001\021\036\323\000\040\000\341\000n}{}% 9
\BOOKMARK [2][-]{subsection.2.1}{\376\377\000T\000h\000u\000\040\000t\000h\036\255\000p\000\040\000v\000\340\000\040\000t\000i\036\301\000n\000\040\000x\036\355\000\040\000l\000\375\000\040\000d\036\357\000\040\000l\000i\036\307\000u}{section.2}% 10
\BOOKMARK [2][-]{subsection.2.2}{\376\377\000T\000h\000i\036\277\000t\000\040\000k\036\277\000\040\000v\000\340\000\040\000x\000\342\000y\000\040\000d\036\361\000n\000g\000\040\000h\036\307\000\040\000t\000h\036\321\000n\000g\000\040\000d\036\357\000\040\000l\000i\036\307\000u}{section.2}% 11
\BOOKMARK [2][-]{subsection.2.3}{\376\377\000X\000\342\000y\000\040\000d\036\361\000n\000g\000\040\000p\000i\000p\000e\000l\000i\000n\000e\000\040\000x\036\355\000\040\000l\000\375\000\040\000v\000\340\000\040\000p\000h\000\342\000n\000\040\000t\000\355\000c\000h\000\040\000d\036\357\000\040\000l\000i\036\307\000u}{section.2}% 12
\BOOKMARK [2][-]{subsection.2.4}{\376\377\000P\000h\000\342\000n\000\040\000t\000\355\000c\000h\000\040\000v\000\340\000\040\000t\000r\036\361\000c\000\040\000q\000u\000a\000n\000\040\000h\000\363\000a\000\040\000d\036\357\000\040\000l\000i\036\307\000u\000\040\000S\000p\000o\000t\000i\000f\000y}{section.2}% 13
\BOOKMARK [2][-]{subsection.2.5}{\376\377\036\350\000n\000g\000\040\000d\036\345\000n\000g\000\040\000v\000\340\000\040\000m\036\337\000\040\000r\036\331\000n\000g}{section.2}% 14
\BOOKMARK [1][-]{section.3}{\376\377\000T\000\354\000m\000\040\000h\000i\036\303\000u\000\040\000v\000\340\000\040\000p\000h\000\342\000n\000\040\000t\000\355\000c\000h\000\040\001\021\036\267\000c\000\040\001\021\000i\036\303\000m\000\040\000c\036\347\000a\000\040\000n\000g\000u\036\323\000n\000\040\000d\036\357\000\040\000l\000i\036\307\000u}{}% 15
\BOOKMARK [2][-]{subsection.3.1}{\376\377\000N\000g\000u\036\323\000n\000\040\0001\000:\000\040\000S\000p\000o\000t\000i\000f\000y\000\040\000T\000o\000p\000\040\0005\0000\000\040\000P\000l\000a\000y\000l\000i\000s\000t\000\040\000S\000o\000n\000g\000s\000\040}{section.3}% 16
\BOOKMARK [3][-]{subsubsection.3.1.1}{\376\377\000G\000i\036\333\000i\000\040\000t\000h\000i\036\307\000u\000\040\000d\036\357\000\040\000l\000i\036\307\000u}{subsection.3.1}% 17
\BOOKMARK [3][-]{subsubsection.3.1.2}{\376\377\000B\036\325\000\040\000s\000u\000n\000g\000\040\000d\036\357\000\040\000l\000i\036\307\000u\000:}{subsection.3.1}% 18
\BOOKMARK [3][-]{subsubsection.3.1.3}{\376\377\000T\000i\036\301\000n\000\040\000x\036\355\000\040\000l\000\375}{subsection.3.1}% 19
\BOOKMARK [3][-]{subsubsection.3.1.4}{\376\377\000P\000h\000\342\000n\000\040\000t\000\355\000c\000h\000\040\000v\000\340\000\040\000t\000\354\000m\000\040\000i\000n\000s\000i\000g\000h\000t\000:}{subsection.3.1}% 20
\BOOKMARK [2][-]{subsection.3.2}{\376\377\000N\000g\000u\036\323\000n\000\040\0002\000:\000\040}{section.3}% 21
\BOOKMARK [3][-]{subsubsection.3.2.1}{\376\377\000G\000i\036\333\000i\000\040\000t\000h\000i\036\307\000u\000\040\000D\000a\000t\000a\000s\000e\000t\000:}{subsection.3.2}% 22
\BOOKMARK [3][-]{subsubsection.3.2.2}{\376\377\000D\000a\000t\000a\000\040\000e\000n\000r\000i\000c\000h\000m\000e\000n\000t\000:}{subsection.3.2}% 23
\BOOKMARK [3][-]{subsubsection.3.2.3}{\376\377\000D\000a\000t\000a\000\040\000c\000l\000e\000a\000n\000i\000n\000g\000\040\000a\000n\000d\000\040\000p\000r\000e\000p\000r\000o\000c\000e\000s\000s\000i\000n\000g\000:\000\040}{subsection.3.2}% 24
\BOOKMARK [3][-]{subsubsection.3.2.4}{\376\377\000O\000v\000e\000r\000v\000i\000e\000w\000\040\000a\000n\000d\000\040\000A\000n\000a\000l\000y\000s\000i\000s}{subsection.3.2}% 25
\BOOKMARK [3][-]{subsubsection.3.2.5}{\376\377\000M\036\345\000c\000\040\000t\000i\000\352\000u\000:}{subsection.3.2}% 26
\BOOKMARK [2][-]{subsection.3.3}{\376\377\000N\000g\000u\036\323\000n\000\040\0003\000:\000\040\000B\000i\000l\000l\000b\000o\000a\000r\000d\000\040\000H\000o\000t\000\040\0001\0000\0000}{section.3}% 27
\BOOKMARK [3][-]{subsubsection.3.3.1}{\376\377\000G\000i\036\333\000i\000\040\000t\000h\000i\036\307\000u\000\040\000d\036\357\000\040\000l\000i\036\307\000u}{subsection.3.3}% 28
\BOOKMARK [3][-]{subsubsection.3.3.2}{\376\377\000T\000h\000u\000\040\000t\000h\036\255\000p\000\040\000v\000\340\000\040\000b\036\325\000\040\000s\000u\000n\000g\000\040\000d\036\357\000\040\000l\000i\036\307\000u\000\040}{subsection.3.3}% 29
\BOOKMARK [3][-]{subsubsection.3.3.3}{\376\377\000P\000h\000\342\000n\000\040\000t\000\355\000c\000h\000\040\000d\036\357\000\040\000l\000i\036\307\000u\000\040\000b\000a\000n\000\040\001\021\036\247\000u}{subsection.3.3}% 30
\BOOKMARK [3][-]{subsubsection.3.3.4}{\376\377\000L\000\340\000m\000\040\000s\036\241\000c\000h\000\040\000d\036\357\000\040\000l\000i\036\307\000u\000\040\000\050\000D\000a\000t\000a\000\040\000C\000l\000e\000a\000n\000i\000n\000g\000\051}{subsection.3.3}% 31
\BOOKMARK [3][-]{subsubsection.3.3.5}{\376\377\000T\036\241\000o\000\040\001\021\036\267\000c\000\040\000t\000r\001\260\000n\000g\000\040\000\050\000F\000e\000a\000t\000u\000r\000e\000\040\000E\000n\000g\000i\000n\000e\000e\000r\000i\000n\000g\000\051}{subsection.3.3}% 32
\BOOKMARK [3][-]{subsubsection.3.3.6}{\376\377\000P\000h\000\342\000n\000\040\000t\000\355\000c\000h\000\040\000x\000u\000\040\000h\001\260\036\333\000n\000g\000\040\000\050\000T\000r\000e\000n\000d\000\040\000A\000n\000a\000l\000y\000s\000i\000s\000\051}{subsection.3.3}% 33
\BOOKMARK [3][-]{subsubsection.3.3.7}{\376\377\000K\036\277\000t\000\040\000q\000u\036\243\000\040\000v\000\340\000\040\000\335\000\040\000n\000g\000h\001\051\000a}{subsection.3.3}% 34
\BOOKMARK [1][-]{section.4}{\376\377\000K\000i\036\277\000n\000\040\000t\000r\000\372\000c\000\040\000l\001\260\000u\000\040\000t\000r\036\357}{}% 35
\BOOKMARK [2][-]{subsection.4.1}{\376\377\000L\000\375\000\040\000d\000o\000\040\000l\036\361\000a\000\040\000c\000h\036\315\000n\000\040\000M\000o\000n\000g\000o\000D\000B\000\040\000l\000\340\000m\000\040\000h\036\307\000\040\000q\000u\036\243\000n\000\040\000t\000r\036\313\000\040\000c\001\241\000\040\000s\036\337\000\040\000d\036\357\000\040\000l\000i\036\307\000u}{section.4}% 36
\BOOKMARK [2][-]{subsection.4.2}{\376\377\000C\000\341\000c\000h\000\040\000h\000i\036\307\000n\000\040\000t\000h\036\361\000c}{section.4}% 37
\BOOKMARK [1][-]{section.5}{\376\377\000P\000h\036\345\000\040\000l\036\345\000c}{}% 38
\BOOKMARK [2][-]{subsection.5.1}{\376\377\000T\000i\000m\000e\000l\000i\000n\000e\000\040\000c\000\364\000n\000g\000\040\000v\000i\036\307\000c\000\040\000v\000\340\000\040\000b\036\243\000n\000g\000\040\000p\000h\000\342\000n\000\040\000c\000\364\000n\000g\000\040\000n\000h\000i\036\307\000m\000\040\000v\036\345}{section.5}% 39
\BOOKMARK [3][-]{subsubsection.5.1.1}{\376\377\000T\000i\000m\000e\000l\000i\000n\000e\000\040\000t\000h\036\361\000c\000\040\000h\000i\036\307\000n\000\040\001\021\036\301\000\040\000t\000\340\000i}{subsection.5.1}% 40
\BOOKMARK [3][-]{subsubsection.5.1.2}{\376\377\000P\000h\000\342\000n\000\040\000c\000\364\000n\000g\000\040\000n\000h\000i\036\307\000m\000\040\000v\036\345\000\040\000d\036\361\000\040\000k\000i\036\277\000n\000\040\000s\000a\000u\000\040\000t\000u\036\247\000n\000\040\0004\0000}{subsection.5.1}% 41
\BOOKMARK [2][-]{subsection.5.2}{\376\377\000S\000o\000u\000r\000c\000e\000\040\000c\000o\000d\000e\000\040\000\050\000l\000i\000n\000k\000\040\000G\000i\000t\000H\000u\000b\000\051}{section.5}% 42
\BOOKMARK [2][-]{subsection.5.3}{\376\377\000T\000\340\000i\000\040\000l\000i\036\307\000u\000\040\000t\000h\000a\000m\000\040\000k\000h\036\243\000o}{section.5}% 43
